{"nbformat":4,"nbformat_minor":0,"metadata":{"colab":{"name":"test","provenance":[],"authorship_tag":"ABX9TyMyKbLZ8oXGa9+2stuJ8skt"},"kernelspec":{"name":"python3","display_name":"Python 3"},"language_info":{"name":"python"}},"cells":[{"cell_type":"code","metadata":{"colab":{"base_uri":"https://localhost:8080/"},"id":"m6j8oJ6m2Dbn","outputId":"3fbe0d81-3c3c-4348-e69d-f88dc64222c9"},"source":["%cd ..\n","from google.colab import drive\n","drive.mount('/content/gdrive', force_remount=True)\n"],"execution_count":null,"outputs":[{"output_type":"stream","text":["/\n"],"name":"stdout"}]},{"cell_type":"code","metadata":{"id":"Df0NZaPR2iG3","colab":{"base_uri":"https://localhost:8080/"},"executionInfo":{"status":"ok","timestamp":1628313093869,"user_tz":-540,"elapsed":310,"user":{"displayName":"성균관대학교박종범","photoUrl":"","userId":"10245930672375507383"}},"outputId":"9fed7c3c-58c0-461f-9a27-341a61718d49"},"source":["!ln -s /content/gdrive/MyDrive/ /mydrive"],"execution_count":21,"outputs":[{"output_type":"stream","text":["shell-init: error retrieving current directory: getcwd: cannot access parent directories: No such file or directory\n","ln: failed to create symbolic link '/mydrive/MyDrive': File exists\n"],"name":"stdout"}]},{"cell_type":"code","metadata":{"colab":{"base_uri":"https://localhost:8080/","height":926},"id":"jC2QC6XE3dOM","executionInfo":{"status":"error","timestamp":1628313095388,"user_tz":-540,"elapsed":289,"user":{"displayName":"성균관대학교박종범","photoUrl":"","userId":"10245930672375507383"}},"outputId":"e7d3d8cb-4dae-406a-c083-45f323948363"},"source":["%cd /mydrive/gitub_connected/"],"execution_count":22,"outputs":[{"output_type":"stream","text":["ERROR:root:Internal Python error in the inspect module.\n","Below is the traceback from this internal error.\n","\n"],"name":"stderr"},{"output_type":"stream","text":["Traceback (most recent call last):\n","  File \"/usr/local/lib/python3.7/dist-packages/IPython/core/interactiveshell.py\", line 2882, in run_code\n","    exec(code_obj, self.user_global_ns, self.user_ns)\n","  File \"<ipython-input-22-3ff3176b4f99>\", line 1, in <module>\n","    get_ipython().magic('cd /mydrive/gitub_connected/')\n","  File \"/usr/local/lib/python3.7/dist-packages/IPython/core/interactiveshell.py\", line 2160, in magic\n","    return self.run_line_magic(magic_name, magic_arg_s)\n","  File \"/usr/local/lib/python3.7/dist-packages/IPython/core/interactiveshell.py\", line 2081, in run_line_magic\n","    result = fn(*args,**kwargs)\n","  File \"<decorator-gen-84>\", line 2, in cd\n","  File \"/usr/local/lib/python3.7/dist-packages/IPython/core/magic.py\", line 188, in <lambda>\n","    call = lambda f, *a, **k: f(*a, **k)\n","  File \"/usr/local/lib/python3.7/dist-packages/IPython/core/magics/osm.py\", line 288, in cd\n","    oldcwd = py3compat.getcwd()\n","FileNotFoundError: [Errno 2] No such file or directory\n","\n","During handling of the above exception, another exception occurred:\n","\n","Traceback (most recent call last):\n","  File \"/usr/local/lib/python3.7/dist-packages/IPython/core/interactiveshell.py\", line 1823, in showtraceback\n","    stb = value._render_traceback_()\n","AttributeError: 'FileNotFoundError' object has no attribute '_render_traceback_'\n","\n","During handling of the above exception, another exception occurred:\n","\n","Traceback (most recent call last):\n","  File \"/usr/local/lib/python3.7/dist-packages/IPython/core/ultratb.py\", line 1132, in get_records\n","    return _fixed_getinnerframes(etb, number_of_lines_of_context, tb_offset)\n","  File \"/usr/local/lib/python3.7/dist-packages/IPython/core/ultratb.py\", line 313, in wrapped\n","    return f(*args, **kwargs)\n","  File \"/usr/local/lib/python3.7/dist-packages/IPython/core/ultratb.py\", line 358, in _fixed_getinnerframes\n","    records = fix_frame_records_filenames(inspect.getinnerframes(etb, context))\n","  File \"/usr/lib/python3.7/inspect.py\", line 1502, in getinnerframes\n","    frameinfo = (tb.tb_frame,) + getframeinfo(tb, context)\n","  File \"/usr/lib/python3.7/inspect.py\", line 1460, in getframeinfo\n","    filename = getsourcefile(frame) or getfile(frame)\n","  File \"/usr/lib/python3.7/inspect.py\", line 696, in getsourcefile\n","    if getattr(getmodule(object, filename), '__loader__', None) is not None:\n","  File \"/usr/lib/python3.7/inspect.py\", line 725, in getmodule\n","    file = getabsfile(object, _filename)\n","  File \"/usr/lib/python3.7/inspect.py\", line 709, in getabsfile\n","    return os.path.normcase(os.path.abspath(_filename))\n","  File \"/usr/lib/python3.7/posixpath.py\", line 383, in abspath\n","    cwd = os.getcwd()\n","FileNotFoundError: [Errno 2] No such file or directory\n"],"name":"stdout"},{"output_type":"error","ename":"FileNotFoundError","evalue":"ignored","traceback":["\u001b[0;31m---------------------------------------------------------------------------\u001b[0m"]}]},{"cell_type":"markdown","metadata":{"id":"RePmp5qx3kTj"},"source":[" 연동하기"]},{"cell_type":"code","metadata":{"colab":{"base_uri":"https://localhost:8080/"},"id":"xBqs5o773m-7","executionInfo":{"status":"ok","timestamp":1628312816240,"user_tz":-540,"elapsed":2010,"user":{"displayName":"성균관대학교박종범","photoUrl":"","userId":"10245930672375507383"}},"outputId":"afa40585-7acf-4ab3-ba63-777f187c56e7"},"source":["!echo \"# github_connected\" >> README.md\n","!git init\n","!git config --global user.email \"jojo71233@gmail.com\"\n","!git config --global user.name \"jongbeom8178\"\n","!git add README.md\n","!git commit -m \"first commit\"\n","!git branch -M main\n","# !git remote add origin https://닉네임:비밀번호@github.com/닉네임/깃허브레포이름.git\n","!git remote add origin https://jongbeom8178:whdqja0306!@github.com/jongbeom8178/jongbeom.git\n","!git push -f origin main"],"execution_count":null,"outputs":[{"output_type":"stream","text":["Reinitialized existing Git repository in /content/gdrive/My Drive/gitub_connected/.git/\n","[main 8868159] first commit\n"," 1 file changed, 1 insertion(+)\n","fatal: remote origin already exists.\n","Counting objects: 6, done.\n","Delta compression using up to 2 threads.\n","Compressing objects: 100% (2/2), done.\n","Writing objects: 100% (6/6), 460 bytes | 76.00 KiB/s, done.\n","Total 6 (delta 0), reused 0 (delta 0)\n","To https://github.com/jongbeom8178/jongbeom.git\n"," + 7aef47c...8868159 main -> main (forced update)\n"],"name":"stdout"}]},{"cell_type":"code","metadata":{"id":"o_5mMkWg5E3n"},"source":["!git remote rm origin"],"execution_count":null,"outputs":[]},{"cell_type":"code","metadata":{"id":"MxKfKz7bA1ss"},"source":[""],"execution_count":null,"outputs":[]},{"cell_type":"markdown","metadata":{"id":"psOenF8KA3JK"},"source":["테스트"]},{"cell_type":"code","metadata":{"colab":{"base_uri":"https://localhost:8080/"},"id":"A7A1Zfp5-kpz","executionInfo":{"status":"ok","timestamp":1628313028675,"user_tz":-540,"elapsed":1983,"user":{"displayName":"성균관대학교박종범","photoUrl":"","userId":"10245930672375507383"}},"outputId":"93e28db8-179a-4f1a-f4c3-d201360752fa"},"source":["!git add .\n","!git commit -m \"test1\"\n","!git push -f origin main"],"execution_count":19,"outputs":[{"output_type":"stream","text":["[main ce5474c] zzz\n"," 3 files changed, 2 insertions(+), 2 deletions(-)\n"," delete mode 100644 Untitled (1)\n"," create mode 100644 Untitled0.ipynb\n"," rename Untitled => test (73%)\n","Counting objects: 4, done.\n","Delta compression using up to 2 threads.\n","Compressing objects: 100% (4/4), done.\n","Writing objects: 100% (4/4), 1.99 KiB | 678.00 KiB/s, done.\n","Total 4 (delta 1), reused 0 (delta 0)\n","remote: Resolving deltas: 100% (1/1), done.\u001b[K\n","To https://github.com/jongbeom8178/jongbeom.git\n","   3c3ed37..ce5474c  main -> main\n"],"name":"stdout"}]}]}